<?xml version="1.0" encoding="UTF-8"?>
<testng-results ignored="0" total="1" passed="1" failed="0" skipped="0">
  <reporter-output>
  </reporter-output>
  <suite started-at="2024-01-17T19:26:22Z" name="Default suite" finished-at="2024-01-17T19:26:30Z" duration-ms="7795">
    <groups>
      <group name="cucumber">
        <method signature="AbstractTestNGCucumberTests.runScenario(io.cucumber.testng.PickleWrapper, io.cucumber.testng.FeatureWrapper)[pri:0, instance:TestRunner.RunnerTest@7ae42ce3]" name="runScenario" class="io.cucumber.testng.AbstractTestNGCucumberTests"/>
      </group> <!-- cucumber -->
    </groups>
    <test started-at="2024-01-17T19:26:22Z" name="Default test" finished-at="2024-01-17T19:26:30Z" duration-ms="7795">
      <class name="TestRunner.RunnerTest">
        <test-method is-config="true" signature="setUpClass(org.testng.ITestContext)[pri:0, instance:TestRunner.RunnerTest@7ae42ce3]" started-at="2024-01-17T19:26:22Z" name="setUpClass" finished-at="2024-01-17T19:26:23Z" duration-ms="220" status="PASS">
          <params>
            <param index="0">
              <value>
                <![CDATA[org.testng.TestRunner@719bb3b4]]>
              </value>
            </param>
          </params>
          <reporter-output>
          </reporter-output>
        </test-method> <!-- setUpClass -->
        <test-method signature="runScenario(io.cucumber.testng.PickleWrapper, io.cucumber.testng.FeatureWrapper)[pri:0, instance:TestRunner.RunnerTest@7ae42ce3]" started-at="2024-01-17T19:26:23Z" name="runScenario" description="Runs Cucumber Scenarios" data-provider="scenarios" finished-at="2024-01-17T19:26:30Z" duration-ms="7554" status="PASS">
          <params>
            <param index="0">
              <value>
                <![CDATA["Test the RegisterPage Functionality"]]>
              </value>
            </param>
            <param index="1">
              <value>
                <![CDATA["Test the Facebook Application"]]>
              </value>
            </param>
          </params>
          <reporter-output>
          </reporter-output>
        </test-method> <!-- runScenario -->
        <test-method is-config="true" signature="tearDownClass()[pri:0, instance:TestRunner.RunnerTest@7ae42ce3]" started-at="2024-01-17T19:26:30Z" name="tearDownClass" finished-at="2024-01-17T19:26:30Z" duration-ms="3" status="PASS">
          <reporter-output>
          </reporter-output>
        </test-method> <!-- tearDownClass -->
      </class> <!-- TestRunner.RunnerTest -->
    </test> <!-- Default test -->
  </suite> <!-- Default suite -->
</testng-results>
